03-13-2018 @ 01:25:54 - ====Start Log====
[WC -> Square] Error creating Square Item for WC Product 58.
====End Log====


03-13-2018 @ 01:25:54 - ====Start Log====
[WC -> Square] Error syncing WC Product 58.
====End Log====


03-13-2018 @ 01:27:33 - ====Start Log====
[WC -> Square] Error creating Square Item for WC Product 58.
====End Log====


03-13-2018 @ 01:27:33 - ====Start Log====
[WC -> Square] Error syncing WC Product 58.
====End Log====


03-13-2018 @ 01:29:07 - ====Start Log====
[WC -> Square] Error creating Square Item for WC Product 58.
====End Log====


03-13-2018 @ 01:29:07 - ====Start Log====
[WC -> Square] Error syncing WC Product 58.
====End Log====


03-13-2018 @ 01:30:05 - ====Start Log====
[WC -> Square] Error creating Square Item for WC Product 58.
====End Log====


03-13-2018 @ 01:30:05 - ====Start Log====
[WC -> Square] Error syncing WC Product 58.
====End Log====


03-13-2018 @ 01:40:56 - ====Start Log====
[WC -> Square] Skipping WC Product 63 since it has no SKUs.
====End Log====


03-13-2018 @ 01:43:04 - ====Start Log====
[WC -> Square] Skipping WC Product 63 since it has no SKUs.
====End Log====


